2025-09-11 13:02:57,316 [trainer.py] => config: ./exps/lwf.json
2025-09-11 13:02:57,317 [trainer.py] => prefix: reproduce
2025-09-11 13:02:57,317 [trainer.py] => dataset: cifar100
2025-09-11 13:02:57,317 [trainer.py] => memory_size: 2000
2025-09-11 13:02:57,317 [trainer.py] => memory_per_class: 20
2025-09-11 13:02:57,317 [trainer.py] => fixed_memory: False
2025-09-11 13:02:57,317 [trainer.py] => shuffle: True
2025-09-11 13:02:57,317 [trainer.py] => init_cls: 10
2025-09-11 13:02:57,317 [trainer.py] => increment: 10
2025-09-11 13:02:57,317 [trainer.py] => model_name: lwf
2025-09-11 13:02:57,317 [trainer.py] => convnet_type: resnet32
2025-09-11 13:02:57,317 [trainer.py] => device: [device(type='cuda', index=1)]
2025-09-11 13:02:57,317 [trainer.py] => seed: 1993
2025-09-11 13:02:58,614 [data_manager.py] => [68, 56, 78, 8, 23, 84, 90, 65, 74, 76, 40, 89, 3, 92, 55, 9, 26, 80, 43, 38, 58, 70, 77, 1, 85, 19, 17, 50, 28, 53, 13, 81, 45, 82, 6, 59, 83, 16, 15, 44, 91, 41, 72, 60, 79, 52, 20, 10, 31, 54, 37, 95, 14, 71, 96, 98, 97, 2, 64, 66, 42, 22, 35, 86, 24, 34, 87, 21, 99, 0, 88, 27, 18, 94, 11, 12, 47, 25, 30, 46, 62, 69, 36, 61, 7, 63, 75, 5, 32, 4, 51, 48, 73, 93, 39, 67, 29, 49, 57, 33]
2025-09-11 13:02:59,213 [trainer.py] => All params: 464154
2025-09-11 13:02:59,214 [trainer.py] => Trainable params: 464154
2025-09-11 13:02:59,214 [lwf.py] => Learning on 0-10
2025-09-11 13:12:14,278 [lwf.py] => Task 0, Epoch 200/200 => Loss 0.045, Train_accy 99.22
2025-09-11 13:12:14,649 [trainer.py] => No NME accuracy.
2025-09-11 13:12:14,649 [trainer.py] => CNN: {'total': 91.4, '00-09': 91.4, 'old': 0, 'new': 91.4}
2025-09-11 13:12:14,649 [trainer.py] => CNN top1 curve: [91.4]
2025-09-11 13:12:14,649 [trainer.py] => CNN top5 curve: [99.3]

2025-09-11 13:12:14,650 [trainer.py] => Average Accuracy (CNN): 91.4
2025-09-11 13:12:14,650 [trainer.py] => All params: 464804
2025-09-11 13:12:14,650 [trainer.py] => Trainable params: 464804
2025-09-11 13:12:14,652 [lwf.py] => Learning on 10-20
2025-09-11 13:22:35,305 [lwf.py] => Task 1, Epoch 250/250 => Loss 3.554, Train_accy 90.74
2025-09-11 13:22:35,723 [trainer.py] => No NME accuracy.
2025-09-11 13:22:35,723 [trainer.py] => CNN: {'total': 67.8, '00-09': 65.8, '10-19': 69.8, 'old': 65.8, 'new': 69.8}
2025-09-11 13:22:35,723 [trainer.py] => CNN top1 curve: [91.4, 67.8]
2025-09-11 13:22:35,723 [trainer.py] => CNN top5 curve: [99.3, 95.3]

2025-09-11 13:22:35,723 [trainer.py] => Average Accuracy (CNN): 79.6
2025-09-11 13:22:35,723 [trainer.py] => All params: 465454
2025-09-11 13:22:35,724 [trainer.py] => Trainable params: 465454
2025-09-11 13:22:35,724 [lwf.py] => Learning on 20-30
2025-09-11 13:31:07,498 [lwf.py] => Task 2, Epoch 250/250 => Loss 4.218, Train_accy 86.90
2025-09-11 13:31:07,915 [trainer.py] => No NME accuracy.
2025-09-11 13:31:07,916 [trainer.py] => CNN: {'total': 57.2, '00-09': 50.4, '10-19': 48.2, '20-29': 73.0, 'old': 49.3, 'new': 73.0}
2025-09-11 13:31:07,916 [trainer.py] => CNN top1 curve: [91.4, 67.8, 57.2]
2025-09-11 13:31:07,916 [trainer.py] => CNN top5 curve: [99.3, 95.3, 91.33]

2025-09-11 13:31:07,916 [trainer.py] => Average Accuracy (CNN): 72.13333333333333
2025-09-11 13:31:07,916 [trainer.py] => All params: 466104
2025-09-11 13:31:07,917 [trainer.py] => Trainable params: 466104
2025-09-11 13:31:07,917 [lwf.py] => Learning on 30-40
2025-09-11 13:38:10,916 [lwf.py] => Task 3, Epoch 250/250 => Loss 5.909, Train_accy 91.76
2025-09-11 13:38:11,422 [trainer.py] => No NME accuracy.
2025-09-11 13:38:11,422 [trainer.py] => CNN: {'total': 43.48, '00-09': 28.7, '10-19': 27.3, '20-29': 42.5, '30-39': 75.4, 'old': 32.83, 'new': 75.4}
2025-09-11 13:38:11,422 [trainer.py] => CNN top1 curve: [91.4, 67.8, 57.2, 43.48]
2025-09-11 13:38:11,422 [trainer.py] => CNN top5 curve: [99.3, 95.3, 91.33, 86.5]

2025-09-11 13:38:11,422 [trainer.py] => Average Accuracy (CNN): 64.97
2025-09-11 13:38:11,422 [trainer.py] => All params: 466754
2025-09-11 13:38:11,423 [trainer.py] => Trainable params: 466754
2025-09-11 13:38:11,423 [lwf.py] => Learning on 40-50
2025-09-11 13:45:28,973 [lwf.py] => Task 4, Epoch 250/250 => Loss 6.240, Train_accy 87.24
2025-09-11 13:45:29,486 [trainer.py] => No NME accuracy.
2025-09-11 13:45:29,486 [trainer.py] => CNN: {'total': 39.98, '00-09': 18.5, '10-19': 17.2, '20-29': 25.3, '30-39': 58.6, '40-49': 80.3, 'old': 29.9, 'new': 80.3}
2025-09-11 13:45:29,486 [trainer.py] => CNN top1 curve: [91.4, 67.8, 57.2, 43.48, 39.98]
2025-09-11 13:45:29,486 [trainer.py] => CNN top5 curve: [99.3, 95.3, 91.33, 86.5, 81.64]

2025-09-11 13:45:29,487 [trainer.py] => Average Accuracy (CNN): 59.972
2025-09-11 13:45:29,487 [trainer.py] => All params: 467404
2025-09-11 13:45:29,487 [trainer.py] => Trainable params: 467404
2025-09-11 13:45:29,487 [lwf.py] => Learning on 50-60
2025-09-11 13:52:54,234 [lwf.py] => Task 5, Epoch 250/250 => Loss 7.239, Train_accy 88.72
2025-09-11 13:52:54,792 [trainer.py] => No NME accuracy.
2025-09-11 13:52:54,793 [trainer.py] => CNN: {'total': 33.1, '00-09': 10.3, '10-19': 9.8, '20-29': 13.1, '30-39': 33.5, '40-49': 56.3, '50-59': 75.6, 'old': 24.6, 'new': 75.6}
2025-09-11 13:52:54,793 [trainer.py] => CNN top1 curve: [91.4, 67.8, 57.2, 43.48, 39.98, 33.1]
2025-09-11 13:52:54,793 [trainer.py] => CNN top5 curve: [99.3, 95.3, 91.33, 86.5, 81.64, 74.37]

2025-09-11 13:52:54,793 [trainer.py] => Average Accuracy (CNN): 55.49333333333334
2025-09-11 13:52:54,793 [trainer.py] => All params: 468054
2025-09-11 13:52:54,793 [trainer.py] => Trainable params: 468054
2025-09-11 13:52:54,794 [lwf.py] => Learning on 60-70
2025-09-11 14:00:21,836 [lwf.py] => Task 6, Epoch 250/250 => Loss 7.192, Train_accy 83.36
2025-09-11 14:00:22,465 [trainer.py] => No NME accuracy.
2025-09-11 14:00:22,465 [trainer.py] => CNN: {'total': 31.24, '00-09': 6.7, '10-19': 5.2, '20-29': 10.1, '30-39': 21.6, '40-49': 41.4, '50-59': 61.7, '60-69': 72.0, 'old': 24.45, 'new': 72.0}
2025-09-11 14:00:22,465 [trainer.py] => CNN top1 curve: [91.4, 67.8, 57.2, 43.48, 39.98, 33.1, 31.24]
2025-09-11 14:00:22,465 [trainer.py] => CNN top5 curve: [99.3, 95.3, 91.33, 86.5, 81.64, 74.37, 68.97]

2025-09-11 14:00:22,465 [trainer.py] => Average Accuracy (CNN): 52.02857142857143
2025-09-11 14:00:22,466 [trainer.py] => All params: 468704
2025-09-11 14:00:22,466 [trainer.py] => Trainable params: 468704
2025-09-11 14:00:22,467 [lwf.py] => Learning on 70-80
2025-09-11 14:07:44,930 [lwf.py] => Task 7, Epoch 250/250 => Loss 7.322, Train_accy 90.54
2025-09-11 14:07:45,574 [trainer.py] => No NME accuracy.
2025-09-11 14:07:45,575 [trainer.py] => CNN: {'total': 25.35, '00-09': 2.6, '10-19': 2.3, '20-29': 4.8, '30-39': 8.8, '40-49': 24.2, '50-59': 31.7, '60-69': 51.6, '70-79': 76.8, 'old': 18.0, 'new': 76.8}
2025-09-11 14:07:45,575 [trainer.py] => CNN top1 curve: [91.4, 67.8, 57.2, 43.48, 39.98, 33.1, 31.24, 25.35]
2025-09-11 14:07:45,575 [trainer.py] => CNN top5 curve: [99.3, 95.3, 91.33, 86.5, 81.64, 74.37, 68.97, 62.75]

2025-09-11 14:07:45,575 [trainer.py] => Average Accuracy (CNN): 48.69375000000001
2025-09-11 14:07:45,575 [trainer.py] => All params: 469354
2025-09-11 14:07:45,575 [trainer.py] => Trainable params: 469354
2025-09-11 14:07:45,575 [lwf.py] => Learning on 80-90
2025-09-11 14:15:08,563 [lwf.py] => Task 8, Epoch 250/250 => Loss 7.917, Train_accy 83.22
2025-09-11 14:15:09,269 [trainer.py] => No NME accuracy.
2025-09-11 14:15:09,269 [trainer.py] => CNN: {'total': 25.0, '00-09': 1.5, '10-19': 1.5, '20-29': 2.2, '30-39': 7.0, '40-49': 15.8, '50-59': 26.0, '60-69': 34.5, '70-79': 64.3, '80-89': 72.2, 'old': 19.1, 'new': 72.2}
2025-09-11 14:15:09,269 [trainer.py] => CNN top1 curve: [91.4, 67.8, 57.2, 43.48, 39.98, 33.1, 31.24, 25.35, 25.0]
2025-09-11 14:15:09,269 [trainer.py] => CNN top5 curve: [99.3, 95.3, 91.33, 86.5, 81.64, 74.37, 68.97, 62.75, 57.52]

2025-09-11 14:15:09,269 [trainer.py] => Average Accuracy (CNN): 46.06111111111112
2025-09-11 14:15:09,269 [trainer.py] => All params: 470004
2025-09-11 14:15:09,269 [trainer.py] => Trainable params: 470004
2025-09-11 14:15:09,270 [lwf.py] => Learning on 90-100
2025-09-11 14:22:31,656 [lwf.py] => Task 9, Epoch 250/250 => Loss 8.786, Train_accy 86.04
2025-09-11 14:22:32,420 [trainer.py] => No NME accuracy.
2025-09-11 14:22:32,420 [trainer.py] => CNN: {'total': 23.34, '00-09': 0.7, '10-19': 0.2, '20-29': 0.6, '30-39': 3.8, '40-49': 7.0, '50-59': 20.3, '60-69': 21.4, '70-79': 53.8, '80-89': 56.3, '90-99': 69.3, 'old': 18.23, 'new': 69.3}
2025-09-11 14:22:32,421 [trainer.py] => CNN top1 curve: [91.4, 67.8, 57.2, 43.48, 39.98, 33.1, 31.24, 25.35, 25.0, 23.34]
2025-09-11 14:22:32,421 [trainer.py] => CNN top5 curve: [99.3, 95.3, 91.33, 86.5, 81.64, 74.37, 68.97, 62.75, 57.52, 52.37]

2025-09-11 14:22:32,421 [trainer.py] => Average Accuracy (CNN): 43.789
2025-09-11 14:22:32,422 [trainer.py] => Forgetting (CNN): 58.044444444444444
