2025-09-07 19:02:19,982 [trainer.py] => config: ./exps/replay.json
2025-09-07 19:02:19,982 [trainer.py] => prefix: reproduce
2025-09-07 19:02:19,982 [trainer.py] => dataset: cifar100
2025-09-07 19:02:19,982 [trainer.py] => memory_size: 2000
2025-09-07 19:02:19,982 [trainer.py] => memory_per_class: 20
2025-09-07 19:02:19,982 [trainer.py] => fixed_memory: False
2025-09-07 19:02:19,982 [trainer.py] => shuffle: True
2025-09-07 19:02:19,982 [trainer.py] => init_cls: 50
2025-09-07 19:02:19,982 [trainer.py] => increment: 10
2025-09-07 19:02:19,982 [trainer.py] => model_name: replay
2025-09-07 19:02:19,982 [trainer.py] => convnet_type: resnet32
2025-09-07 19:02:19,982 [trainer.py] => device: [device(type='cuda', index=0), device(type='cuda', index=1), device(type='cuda', index=2), device(type='cuda', index=3)]
2025-09-07 19:02:19,982 [trainer.py] => seed: 1993
2025-09-07 19:02:21,289 [data_manager.py] => [68, 56, 78, 8, 23, 84, 90, 65, 74, 76, 40, 89, 3, 92, 55, 9, 26, 80, 43, 38, 58, 70, 77, 1, 85, 19, 17, 50, 28, 53, 13, 81, 45, 82, 6, 59, 83, 16, 15, 44, 91, 41, 72, 60, 79, 52, 20, 10, 31, 54, 37, 95, 14, 71, 96, 98, 97, 2, 64, 66, 42, 22, 35, 86, 24, 34, 87, 21, 99, 0, 88, 27, 18, 94, 11, 12, 47, 25, 30, 46, 62, 69, 36, 61, 7, 63, 75, 5, 32, 4, 51, 48, 73, 93, 39, 67, 29, 49, 57, 33]
2025-09-07 19:02:21,739 [trainer.py] => All params: 464154
2025-09-07 19:02:21,739 [trainer.py] => Trainable params: 464154
2025-09-07 19:02:21,740 [replay.py] => Learning on 0-50
2025-09-07 19:50:33,581 [replay.py] => Task 0, Epoch 200/200 => Loss 0.069, Train_accy 98.68
2025-09-07 19:50:33,582 [base.py] => Reducing exemplars...(40 per classes)
2025-09-07 19:50:33,582 [base.py] => Constructing exemplars...(40 per classes)
2025-09-07 19:51:04,248 [replay.py] => Exemplar size: 2000
2025-09-07 19:51:04,248 [trainer.py] => CNN: {'total': 77.34, '00-09': 80.8, '10-19': 70.3, '20-29': 80.2, '30-39': 75.7, '40-49': 79.7, 'old': 0, 'new': 77.34}
2025-09-07 19:51:04,248 [trainer.py] => NME: {'total': 76.96, '00-09': 79.3, '10-19': 70.6, '20-29': 80.8, '30-39': 75.2, '40-49': 78.9, 'old': 0, 'new': 76.96}
2025-09-07 19:51:04,248 [trainer.py] => CNN top1 curve: [77.34]
2025-09-07 19:51:04,248 [trainer.py] => CNN top5 curve: [94.6]
2025-09-07 19:51:04,248 [trainer.py] => NME top1 curve: [76.96]
2025-09-07 19:51:04,248 [trainer.py] => NME top5 curve: [94.96]

2025-09-07 19:51:04,248 [trainer.py] => Average Accuracy (CNN): 77.34
2025-09-07 19:51:04,248 [trainer.py] => Average Accuracy (NME): 76.96
2025-09-07 19:51:04,248 [trainer.py] => All params: 467404
2025-09-07 19:51:04,249 [trainer.py] => Trainable params: 467404
2025-09-07 19:51:04,250 [replay.py] => Learning on 50-60
2025-09-07 19:56:34,138 [replay.py] => Task 1, Epoch 70/70 => Loss 0.113, Train_accy 97.21
2025-09-07 19:56:34,139 [base.py] => Reducing exemplars...(33 per classes)
2025-09-07 19:56:47,070 [base.py] => Constructing exemplars...(33 per classes)
2025-09-07 19:56:54,304 [replay.py] => Exemplar size: 1980
2025-09-07 19:56:54,305 [trainer.py] => CNN: {'total': 54.08, '00-09': 52.4, '10-19': 37.5, '20-29': 51.9, '30-39': 44.5, '40-49': 53.7, '50-59': 84.5, 'old': 48.0, 'new': 84.5}
2025-09-07 19:56:54,305 [trainer.py] => NME: {'total': 57.12, '00-09': 57.4, '10-19': 47.1, '20-29': 55.8, '30-39': 49.4, '40-49': 60.2, '50-59': 72.8, 'old': 53.98, 'new': 72.8}
2025-09-07 19:56:54,305 [trainer.py] => CNN top1 curve: [77.34, 54.08]
2025-09-07 19:56:54,305 [trainer.py] => CNN top5 curve: [94.6, 83.88]
2025-09-07 19:56:54,305 [trainer.py] => NME top1 curve: [76.96, 57.12]
2025-09-07 19:56:54,305 [trainer.py] => NME top5 curve: [94.96, 85.4]

2025-09-07 19:56:54,305 [trainer.py] => Average Accuracy (CNN): 65.71000000000001
2025-09-07 19:56:54,305 [trainer.py] => Average Accuracy (NME): 67.03999999999999
2025-09-07 19:56:54,305 [trainer.py] => All params: 468054
2025-09-07 19:56:54,306 [trainer.py] => Trainable params: 468054
2025-09-07 19:56:54,307 [replay.py] => Learning on 60-70
2025-09-07 20:02:12,471 [replay.py] => Task 2, Epoch 70/70 => Loss 0.044, Train_accy 99.34
2025-09-07 20:02:12,472 [base.py] => Reducing exemplars...(28 per classes)
2025-09-07 20:02:27,927 [base.py] => Constructing exemplars...(28 per classes)
2025-09-07 20:02:35,407 [replay.py] => Exemplar size: 1960
2025-09-07 20:02:35,407 [trainer.py] => CNN: {'total': 51.93, '00-09': 50.2, '10-19': 35.9, '20-29': 51.4, '30-39': 38.6, '40-49': 53.1, '50-59': 45.0, '60-69': 89.3, 'old': 45.7, 'new': 89.3}
2025-09-07 20:02:35,407 [trainer.py] => NME: {'total': 55.64, '00-09': 56.0, '10-19': 42.6, '20-29': 58.2, '30-39': 44.7, '40-49': 57.3, '50-59': 53.0, '60-69': 77.7, 'old': 51.97, 'new': 77.7}
2025-09-07 20:02:35,407 [trainer.py] => CNN top1 curve: [77.34, 54.08, 51.93]
2025-09-07 20:02:35,407 [trainer.py] => CNN top5 curve: [94.6, 83.88, 81.94]
2025-09-07 20:02:35,407 [trainer.py] => NME top1 curve: [76.96, 57.12, 55.64]
2025-09-07 20:02:35,407 [trainer.py] => NME top5 curve: [94.96, 85.4, 83.46]

2025-09-07 20:02:35,407 [trainer.py] => Average Accuracy (CNN): 61.116666666666674
2025-09-07 20:02:35,407 [trainer.py] => Average Accuracy (NME): 63.23999999999999
2025-09-07 20:02:35,407 [trainer.py] => All params: 468704
2025-09-07 20:02:35,408 [trainer.py] => Trainable params: 468704
2025-09-07 20:02:35,409 [replay.py] => Learning on 70-80
2025-09-07 20:08:15,344 [replay.py] => Task 3, Epoch 70/70 => Loss 0.061, Train_accy 98.81
2025-09-07 20:08:15,346 [base.py] => Reducing exemplars...(25 per classes)
2025-09-07 20:08:33,224 [base.py] => Constructing exemplars...(25 per classes)
2025-09-07 20:08:40,632 [replay.py] => Exemplar size: 2000
2025-09-07 20:08:40,632 [trainer.py] => CNN: {'total': 46.59, '00-09': 46.0, '10-19': 34.2, '20-29': 46.8, '30-39': 35.0, '40-49': 42.0, '50-59': 30.6, '60-69': 52.1, '70-79': 86.0, 'old': 40.96, 'new': 86.0}
2025-09-07 20:08:40,632 [trainer.py] => NME: {'total': 52.05, '00-09': 53.6, '10-19': 40.4, '20-29': 53.4, '30-39': 41.7, '40-49': 50.6, '50-59': 45.3, '60-69': 57.7, '70-79': 73.7, 'old': 48.96, 'new': 73.7}
2025-09-07 20:08:40,632 [trainer.py] => CNN top1 curve: [77.34, 54.08, 51.93, 46.59]
2025-09-07 20:08:40,632 [trainer.py] => CNN top5 curve: [94.6, 83.88, 81.94, 78.39]
2025-09-07 20:08:40,632 [trainer.py] => NME top1 curve: [76.96, 57.12, 55.64, 52.05]
2025-09-07 20:08:40,632 [trainer.py] => NME top5 curve: [94.96, 85.4, 83.46, 80.66]

2025-09-07 20:08:40,633 [trainer.py] => Average Accuracy (CNN): 57.48500000000001
2025-09-07 20:08:40,633 [trainer.py] => Average Accuracy (NME): 60.442499999999995
2025-09-07 20:08:40,633 [trainer.py] => All params: 469354
2025-09-07 20:08:40,633 [trainer.py] => Trainable params: 469354
2025-09-07 20:08:40,635 [replay.py] => Learning on 80-90
2025-09-07 20:14:07,850 [replay.py] => Task 4, Epoch 70/70 => Loss 0.037, Train_accy 99.56
2025-09-07 20:14:07,851 [base.py] => Reducing exemplars...(22 per classes)
2025-09-07 20:14:28,191 [base.py] => Constructing exemplars...(22 per classes)
2025-09-07 20:14:35,822 [replay.py] => Exemplar size: 1980
2025-09-07 20:14:35,822 [trainer.py] => CNN: {'total': 44.83, '00-09': 45.4, '10-19': 27.9, '20-29': 40.2, '30-39': 35.7, '40-49': 43.5, '50-59': 35.4, '60-69': 45.1, '70-79': 42.6, '80-89': 87.7, 'old': 39.48, 'new': 87.7}
2025-09-07 20:14:35,822 [trainer.py] => NME: {'total': 50.41, '00-09': 51.1, '10-19': 33.8, '20-29': 48.4, '30-39': 42.5, '40-49': 51.8, '50-59': 43.7, '60-69': 54.2, '70-79': 52.4, '80-89': 75.8, 'old': 47.24, 'new': 75.8}
2025-09-07 20:14:35,822 [trainer.py] => CNN top1 curve: [77.34, 54.08, 51.93, 46.59, 44.83]
2025-09-07 20:14:35,822 [trainer.py] => CNN top5 curve: [94.6, 83.88, 81.94, 78.39, 76.16]
2025-09-07 20:14:35,822 [trainer.py] => NME top1 curve: [76.96, 57.12, 55.64, 52.05, 50.41]
2025-09-07 20:14:35,822 [trainer.py] => NME top5 curve: [94.96, 85.4, 83.46, 80.66, 78.76]

2025-09-07 20:14:35,822 [trainer.py] => Average Accuracy (CNN): 54.95400000000001
2025-09-07 20:14:35,822 [trainer.py] => Average Accuracy (NME): 58.43599999999999
2025-09-07 20:14:35,823 [trainer.py] => All params: 470004
2025-09-07 20:14:35,823 [trainer.py] => Trainable params: 470004
2025-09-07 20:14:35,824 [replay.py] => Learning on 90-100
2025-09-07 20:20:26,117 [replay.py] => Task 5, Epoch 70/70 => Loss 0.047, Train_accy 99.18
2025-09-07 20:20:26,118 [base.py] => Reducing exemplars...(20 per classes)
2025-09-07 20:20:49,129 [base.py] => Constructing exemplars...(20 per classes)
2025-09-07 20:20:57,034 [replay.py] => Exemplar size: 2000
2025-09-07 20:20:57,034 [trainer.py] => CNN: {'total': 42.87, '00-09': 41.1, '10-19': 29.2, '20-29': 39.7, '30-39': 34.6, '40-49': 38.0, '50-59': 31.1, '60-69': 48.4, '70-79': 37.7, '80-89': 46.4, '90-99': 82.5, 'old': 38.47, 'new': 82.5}
2025-09-07 20:20:57,034 [trainer.py] => NME: {'total': 48.03, '00-09': 49.8, '10-19': 34.2, '20-29': 49.2, '30-39': 40.2, '40-49': 46.7, '50-59': 41.1, '60-69': 51.8, '70-79': 44.3, '80-89': 54.2, '90-99': 68.8, 'old': 45.72, 'new': 68.8}
2025-09-07 20:20:57,034 [trainer.py] => CNN top1 curve: [77.34, 54.08, 51.93, 46.59, 44.83, 42.87]
2025-09-07 20:20:57,034 [trainer.py] => CNN top5 curve: [94.6, 83.88, 81.94, 78.39, 76.16, 73.79]
2025-09-07 20:20:57,034 [trainer.py] => NME top1 curve: [76.96, 57.12, 55.64, 52.05, 50.41, 48.03]
2025-09-07 20:20:57,034 [trainer.py] => NME top5 curve: [94.96, 85.4, 83.46, 80.66, 78.76, 76.85]

2025-09-07 20:20:57,034 [trainer.py] => Average Accuracy (CNN): 52.940000000000005
2025-09-07 20:20:57,034 [trainer.py] => Average Accuracy (NME): 56.701666666666654
