2025-09-11 14:22:35,759 [trainer.py] => config: ./exps/lwf_20_20.json
2025-09-11 14:22:35,759 [trainer.py] => prefix: reproduce
2025-09-11 14:22:35,759 [trainer.py] => dataset: cifar100
2025-09-11 14:22:35,759 [trainer.py] => memory_size: 2000
2025-09-11 14:22:35,759 [trainer.py] => memory_per_class: 20
2025-09-11 14:22:35,759 [trainer.py] => fixed_memory: False
2025-09-11 14:22:35,759 [trainer.py] => shuffle: True
2025-09-11 14:22:35,759 [trainer.py] => init_cls: 20
2025-09-11 14:22:35,759 [trainer.py] => increment: 20
2025-09-11 14:22:35,759 [trainer.py] => model_name: lwf
2025-09-11 14:22:35,759 [trainer.py] => convnet_type: resnet32
2025-09-11 14:22:35,759 [trainer.py] => device: [device(type='cuda', index=1)]
2025-09-11 14:22:35,759 [trainer.py] => seed: 1993
2025-09-11 14:22:37,026 [data_manager.py] => [68, 56, 78, 8, 23, 84, 90, 65, 74, 76, 40, 89, 3, 92, 55, 9, 26, 80, 43, 38, 58, 70, 77, 1, 85, 19, 17, 50, 28, 53, 13, 81, 45, 82, 6, 59, 83, 16, 15, 44, 91, 41, 72, 60, 79, 52, 20, 10, 31, 54, 37, 95, 14, 71, 96, 98, 97, 2, 64, 66, 42, 22, 35, 86, 24, 34, 87, 21, 99, 0, 88, 27, 18, 94, 11, 12, 47, 25, 30, 46, 62, 69, 36, 61, 7, 63, 75, 5, 32, 4, 51, 48, 73, 93, 39, 67, 29, 49, 57, 33]
2025-09-11 14:22:37,444 [trainer.py] => All params: 464154
2025-09-11 14:22:37,444 [trainer.py] => Trainable params: 464154
2025-09-11 14:22:37,445 [lwf.py] => Learning on 0-20
2025-09-11 14:31:58,127 [lwf.py] => Task 0, Epoch 200/200 => Loss 0.017, Train_accy 99.81
2025-09-11 14:31:58,492 [trainer.py] => No NME accuracy.
2025-09-11 14:31:58,492 [trainer.py] => CNN: {'total': 82.15, '00-09': 85.0, '10-19': 79.3, 'old': 0, 'new': 82.15}
2025-09-11 14:31:58,492 [trainer.py] => CNN top1 curve: [82.15]
2025-09-11 14:31:58,492 [trainer.py] => CNN top5 curve: [97.15]

2025-09-11 14:31:58,492 [trainer.py] => Average Accuracy (CNN): 82.15
2025-09-11 14:31:58,493 [trainer.py] => All params: 465454
2025-09-11 14:31:58,493 [trainer.py] => Trainable params: 465454
2025-09-11 14:31:58,494 [lwf.py] => Learning on 20-40
2025-09-11 14:45:46,769 [lwf.py] => Task 1, Epoch 250/250 => Loss 4.944, Train_accy 98.34
2025-09-11 14:45:47,386 [trainer.py] => No NME accuracy.
2025-09-11 14:45:47,386 [trainer.py] => CNN: {'total': 61.18, '00-09': 48.0, '10-19': 34.5, '20-29': 83.1, '30-39': 79.1, 'old': 41.25, 'new': 81.1}
2025-09-11 14:45:47,386 [trainer.py] => CNN top1 curve: [82.15, 61.18]
2025-09-11 14:45:47,386 [trainer.py] => CNN top5 curve: [97.15, 91.98]

2025-09-11 14:45:47,386 [trainer.py] => Average Accuracy (CNN): 71.665
2025-09-11 14:45:47,387 [trainer.py] => All params: 466754
2025-09-11 14:45:47,387 [trainer.py] => Trainable params: 466754
2025-09-11 14:45:47,388 [lwf.py] => Learning on 40-60
2025-09-11 14:59:21,842 [lwf.py] => Task 2, Epoch 250/250 => Loss 5.965, Train_accy 93.10
2025-09-11 14:59:22,443 [trainer.py] => No NME accuracy.
2025-09-11 14:59:22,444 [trainer.py] => CNN: {'total': 47.83, '00-09': 22.5, '10-19': 13.6, '20-29': 49.8, '30-39': 47.8, '40-49': 80.4, '50-59': 72.9, 'old': 33.42, 'new': 76.65}
2025-09-11 14:59:22,444 [trainer.py] => CNN top1 curve: [82.15, 61.18, 47.83]
2025-09-11 14:59:22,444 [trainer.py] => CNN top5 curve: [97.15, 91.98, 85.32]

2025-09-11 14:59:22,444 [trainer.py] => Average Accuracy (CNN): 63.720000000000006
2025-09-11 14:59:22,444 [trainer.py] => All params: 468054
2025-09-11 14:59:22,445 [trainer.py] => Trainable params: 468054
2025-09-11 14:59:22,446 [lwf.py] => Learning on 60-80
2025-09-11 15:12:58,002 [lwf.py] => Task 3, Epoch 250/250 => Loss 6.376, Train_accy 90.64
2025-09-11 15:12:58,708 [trainer.py] => No NME accuracy.
2025-09-11 15:12:58,708 [trainer.py] => CNN: {'total': 40.24, '00-09': 6.7, '10-19': 4.1, '20-29': 28.2, '30-39': 25.8, '40-49': 60.6, '50-59': 49.9, '60-69': 75.6, '70-79': 71.0, 'old': 29.22, 'new': 73.3}
2025-09-11 15:12:58,708 [trainer.py] => CNN top1 curve: [82.15, 61.18, 47.83, 40.24]
2025-09-11 15:12:58,708 [trainer.py] => CNN top5 curve: [97.15, 91.98, 85.32, 78.26]

2025-09-11 15:12:58,708 [trainer.py] => Average Accuracy (CNN): 57.85000000000001
2025-09-11 15:12:58,709 [trainer.py] => All params: 469354
2025-09-11 15:12:58,709 [trainer.py] => Trainable params: 469354
2025-09-11 15:12:58,709 [lwf.py] => Learning on 80-100
2025-09-11 15:27:07,931 [lwf.py] => Task 4, Epoch 250/250 => Loss 7.466, Train_accy 90.13
2025-09-11 15:27:08,777 [trainer.py] => No NME accuracy.
2025-09-11 15:27:08,777 [trainer.py] => CNN: {'total': 35.79, '00-09': 2.0, '10-19': 0.2, '20-29': 15.4, '30-39': 14.5, '40-49': 37.6, '50-59': 34.9, '60-69': 54.4, '70-79': 54.5, '80-89': 73.9, '90-99': 70.5, 'old': 26.69, 'new': 72.2}
2025-09-11 15:27:08,777 [trainer.py] => CNN top1 curve: [82.15, 61.18, 47.83, 40.24, 35.79]
2025-09-11 15:27:08,777 [trainer.py] => CNN top5 curve: [97.15, 91.98, 85.32, 78.26, 69.96]

2025-09-11 15:27:08,778 [trainer.py] => Average Accuracy (CNN): 53.43800000000001
