2025-09-11 15:27:13,296 [trainer.py] => config: ./exps/lwf_50_10.json
2025-09-11 15:27:13,297 [trainer.py] => prefix: reproduce
2025-09-11 15:27:13,297 [trainer.py] => dataset: cifar100
2025-09-11 15:27:13,297 [trainer.py] => memory_size: 2000
2025-09-11 15:27:13,297 [trainer.py] => memory_per_class: 20
2025-09-11 15:27:13,297 [trainer.py] => fixed_memory: False
2025-09-11 15:27:13,297 [trainer.py] => shuffle: True
2025-09-11 15:27:13,297 [trainer.py] => init_cls: 50
2025-09-11 15:27:13,297 [trainer.py] => increment: 10
2025-09-11 15:27:13,297 [trainer.py] => model_name: lwf
2025-09-11 15:27:13,297 [trainer.py] => convnet_type: resnet32
2025-09-11 15:27:13,297 [trainer.py] => device: [device(type='cuda', index=1)]
2025-09-11 15:27:13,297 [trainer.py] => seed: 1993
2025-09-11 15:27:14,581 [data_manager.py] => [68, 56, 78, 8, 23, 84, 90, 65, 74, 76, 40, 89, 3, 92, 55, 9, 26, 80, 43, 38, 58, 70, 77, 1, 85, 19, 17, 50, 28, 53, 13, 81, 45, 82, 6, 59, 83, 16, 15, 44, 91, 41, 72, 60, 79, 52, 20, 10, 31, 54, 37, 95, 14, 71, 96, 98, 97, 2, 64, 66, 42, 22, 35, 86, 24, 34, 87, 21, 99, 0, 88, 27, 18, 94, 11, 12, 47, 25, 30, 46, 62, 69, 36, 61, 7, 63, 75, 5, 32, 4, 51, 48, 73, 93, 39, 67, 29, 49, 57, 33]
2025-09-11 15:27:15,000 [trainer.py] => All params: 464154
2025-09-11 15:27:15,001 [trainer.py] => Trainable params: 464154
2025-09-11 15:27:15,001 [lwf.py] => Learning on 0-50
2025-09-11 15:50:00,092 [lwf.py] => Task 0, Epoch 200/200 => Loss 0.045, Train_accy 99.31
2025-09-11 15:50:00,680 [trainer.py] => No NME accuracy.
2025-09-11 15:50:00,680 [trainer.py] => CNN: {'total': 75.86, '00-09': 79.2, '10-19': 69.9, '20-29': 79.4, '30-39': 71.6, '40-49': 79.2, 'old': 0, 'new': 75.86}
2025-09-11 15:50:00,680 [trainer.py] => CNN top1 curve: [75.86]
2025-09-11 15:50:00,680 [trainer.py] => CNN top5 curve: [94.22]

2025-09-11 15:50:00,680 [trainer.py] => Average Accuracy (CNN): 75.86
2025-09-11 15:50:00,681 [trainer.py] => All params: 467404
2025-09-11 15:50:00,681 [trainer.py] => Trainable params: 467404
2025-09-11 15:50:00,681 [lwf.py] => Learning on 50-60
2025-09-11 15:57:26,426 [lwf.py] => Task 1, Epoch 250/250 => Loss 7.316, Train_accy 92.84
2025-09-11 15:57:27,099 [trainer.py] => No NME accuracy.
2025-09-11 15:57:27,099 [trainer.py] => CNN: {'total': 47.7, '00-09': 51.3, '10-19': 42.7, '20-29': 37.3, '30-39': 30.1, '40-49': 44.2, '50-59': 80.6, 'old': 41.12, 'new': 80.6}
2025-09-11 15:57:27,099 [trainer.py] => CNN top1 curve: [75.86, 47.7]
2025-09-11 15:57:27,099 [trainer.py] => CNN top5 curve: [94.22, 89.65]

2025-09-11 15:57:27,099 [trainer.py] => Average Accuracy (CNN): 61.78
2025-09-11 15:57:27,099 [trainer.py] => All params: 468054
2025-09-11 15:57:27,100 [trainer.py] => Trainable params: 468054
2025-09-11 15:57:27,100 [lwf.py] => Learning on 60-70
2025-09-11 16:04:58,683 [lwf.py] => Task 2, Epoch 250/250 => Loss 7.981, Train_accy 90.84
2025-09-11 16:04:59,384 [trainer.py] => No NME accuracy.
2025-09-11 16:04:59,384 [trainer.py] => CNN: {'total': 36.47, '00-09': 31.2, '10-19': 17.5, '20-29': 19.0, '30-39': 13.2, '40-49': 27.0, '50-59': 66.2, '60-69': 81.2, 'old': 29.02, 'new': 81.2}
2025-09-11 16:04:59,384 [trainer.py] => CNN top1 curve: [75.86, 47.7, 36.47]
2025-09-11 16:04:59,384 [trainer.py] => CNN top5 curve: [94.22, 89.65, 83.83]

2025-09-11 16:04:59,384 [trainer.py] => Average Accuracy (CNN): 53.343333333333334
2025-09-11 16:04:59,384 [trainer.py] => All params: 468704
2025-09-11 16:04:59,385 [trainer.py] => Trainable params: 468704
2025-09-11 16:04:59,385 [lwf.py] => Learning on 70-80
2025-09-11 16:12:42,994 [lwf.py] => Task 3, Epoch 250/250 => Loss 7.675, Train_accy 89.74
2025-09-11 16:12:43,767 [trainer.py] => No NME accuracy.
2025-09-11 16:12:43,767 [trainer.py] => CNN: {'total': 27.34, '00-09': 12.7, '10-19': 7.2, '20-29': 6.8, '30-39': 4.9, '40-49': 9.9, '50-59': 37.5, '60-69': 61.1, '70-79': 78.6, 'old': 20.01, 'new': 78.6}
2025-09-11 16:12:43,768 [trainer.py] => CNN top1 curve: [75.86, 47.7, 36.47, 27.34]
2025-09-11 16:12:43,768 [trainer.py] => CNN top5 curve: [94.22, 89.65, 83.83, 73.39]

2025-09-11 16:12:43,768 [trainer.py] => Average Accuracy (CNN): 46.8425
2025-09-11 16:12:43,768 [trainer.py] => All params: 469354
2025-09-11 16:12:43,769 [trainer.py] => Trainable params: 469354
2025-09-11 16:12:43,770 [lwf.py] => Learning on 80-90
2025-09-11 16:20:30,392 [lwf.py] => Task 4, Epoch 250/250 => Loss 8.566, Train_accy 89.16
2025-09-11 16:20:31,215 [trainer.py] => No NME accuracy.
2025-09-11 16:20:31,215 [trainer.py] => CNN: {'total': 24.5, '00-09': 5.8, '10-19': 2.2, '20-29': 1.2, '30-39': 0.9, '40-49': 1.3, '50-59': 26.0, '60-69': 39.5, '70-79': 63.0, '80-89': 80.6, 'old': 17.49, 'new': 80.6}
2025-09-11 16:20:31,215 [trainer.py] => CNN top1 curve: [75.86, 47.7, 36.47, 27.34, 24.5]
2025-09-11 16:20:31,215 [trainer.py] => CNN top5 curve: [94.22, 89.65, 83.83, 73.39, 61.88]

2025-09-11 16:20:31,216 [trainer.py] => Average Accuracy (CNN): 42.374
2025-09-11 16:20:31,216 [trainer.py] => All params: 470004
2025-09-11 16:20:31,217 [trainer.py] => Trainable params: 470004
2025-09-11 16:20:31,218 [lwf.py] => Learning on 90-100
2025-09-11 16:28:12,642 [lwf.py] => Task 5, Epoch 250/250 => Loss 9.056, Train_accy 91.42
2025-09-11 16:28:13,503 [trainer.py] => No NME accuracy.
2025-09-11 16:28:13,504 [trainer.py] => CNN: {'total': 23.09, '00-09': 1.7, '10-19': 0.3, '20-29': 0.0, '30-39': 0.7, '40-49': 0.0, '50-59': 16.2, '60-69': 23.0, '70-79': 48.6, '80-89': 64.6, '90-99': 75.8, 'old': 17.23, 'new': 75.8}
2025-09-11 16:28:13,504 [trainer.py] => CNN top1 curve: [75.86, 47.7, 36.47, 27.34, 24.5, 23.09]
2025-09-11 16:28:13,504 [trainer.py] => CNN top5 curve: [94.22, 89.65, 83.83, 73.39, 61.88, 52.14]

2025-09-11 16:28:13,504 [trainer.py] => Average Accuracy (CNN): 39.160000000000004
